<?xml version="1.0" encoding="UTF-8" ?>
<testsuite tests="12" failures="0" name="TestRunner" time="0.004" errors="0" skipped="0">
  <properties>
[...]
</properties>
  <testcase classname="Scenario: Verify with the loan estimation value based upon the user provides the details" name="Given Launch the ANZ loan calculator web page" time="0.001"/>
  <testcase classname="Scenario: Verify with the loan estimation value based upon the user provides the details" name="And Provide all the required details with respective to loan calculation" time="0"/>
  <testcase classname="Scenario: Verify with the loan estimation value based upon the user provides the details" name="Then Verify with loan estimation value" time="0"/>
  <testcase classname="Scenario: Verify with the loan estimation value based upon the user provides the details" name="Scenario: Verify with the loan estimation value based upon the user provides the details" time="0.001"/>
  <testcase classname="Scenario: Verify whether loan calculator form gets clear when user clicks on start over" name="Given Launch the ANZ loan calculator web page" time="0"/>
  <testcase classname="Scenario: Verify whether loan calculator form gets clear when user clicks on start over" name="And Provide all the required details with respective to loan calculation" time="0"/>
  <testcase classname="Scenario: Verify whether loan calculator form gets clear when user clicks on start over" name="Then Verify whether the loan calculation form gets clear immediately once the user clicks on start over" time="0"/>
  <testcase classname="Scenario: Verify whether loan calculator form gets clear when user clicks on start over" name="Scenario: Verify whether loan calculator form gets clear when user clicks on start over" time="0"/>
  <testcase classname="Scenario: Verify for the appropriate message when user provides an invalid data" name="Given Launch the ANZ loan calculator web page" time="0"/>
  <testcase classname="Scenario: Verify for the appropriate message when user provides an invalid data" name="And Provide an invalid details with respective to loan calculation" time="0"/>
  <testcase classname="Scenario: Verify for the appropriate message when user provides an invalid data" name="Then Verify for the appropriate message when user provides an invalid data in loan claculator form" time="0"/>
  <testcase classname="Scenario: Verify for the appropriate message when user provides an invalid data" name="Scenario: Verify for the appropriate message when user provides an invalid data" time="0.002"/>
</testsuite>